com.artisanwinefoundation.south_bay_festival_of_the_arts_2019 -> Successfully saved with 0 review(s). Total: 1 app(s) & 0 review(s) saved.
com.hbs.translator.hebrew.uk -> Successfully saved with 0 review(s). Total: 2 app(s) & 0 review(s) saved.
com.fastbits.radiodinromaniaonline -> Successfully saved with 40 review(s). Total: 3 app(s) & 40 review(s) saved.
com.toplifeconcierge.centraltower -> Successfully saved with 0 review(s). Total: 4 app(s) & 40 review(s) saved.
com.ilmupelettepukbantal.onlineforextrading -> Successfully saved with 0 review(s). Total: 5 app(s) & 40 review(s) saved.
com.mcb.meruparent.activity -> Successfully saved with 0 review(s). Total: 6 app(s) & 40 review(s) saved.
com.BearAndMasha.MashaImedved -> Error occurred: App not found(404).
com.andromo.dev551559.app530131 -> Successfully saved with 0 review(s). Total: 7 app(s) & 40 review(s) saved.
com.leveltek.simpledominoes -> Successfully saved with 0 review(s). Total: 8 app(s) & 40 review(s) saved.
com.ninefold.tastycatering -> Error occurred: App not found(404).
com.asvideo.bayilucu -> Error occurred: App not found(404).
com.marianfathers.mary -> Successfully saved with 40 review(s). Total: 9 app(s) & 80 review(s) saved.
org.wycliffe.amuzgooaxaca.azg -> Successfully saved with 0 review(s). Total: 10 app(s) & 80 review(s) saved.
com.metromapoffline.nancy -> Error occurred: App not found(404).
com.tatvadevelopers.android -> Error occurred: App not found(404).
com.spoqa -> Error occurred: App not found(404).
com.mtsfreegames.eurotrainsimulator18 -> Successfully saved with 40 review(s). Total: 11 app(s) & 120 review(s) saved.
com.MhmdAsriyandi.dhvnibhblisngplsly -> Error occurred: App not found(404).
com.ideal.app.user -> Successfully saved with 0 review(s). Total: 12 app(s) & 120 review(s) saved.
com.grubrun.customer -> Error occurred: App not found(404).
com.mdv.VVMCompanion -> Successfully saved with 0 review(s). Total: 13 app(s) & 120 review(s) saved.
com.happydev4u.frisianpunjabitranslator -> Successfully saved with 0 review(s). Total: 14 app(s) & 120 review(s) saved.
kr.e777.daeriya.jang1330 -> Successfully saved with 0 review(s). Total: 15 app(s) & 120 review(s) saved.
com.manbenapp.memory -> Successfully saved with 0 review(s). Total: 16 app(s) & 120 review(s) saved.
com.Company.Doll.house.craft.building -> Error occurred: App not found(404).
